Determining if the pthread_create exist failed with the following output:
Change Dir: /home/baxter/Desktop/PierreROS/build/CMakeFiles/CMakeTmp

Run Build Command:"/usr/bin/make" "cmTC_56658/fast"
/usr/bin/make -f CMakeFiles/cmTC_56658.dir/build.make CMakeFiles/cmTC_56658.dir/build
make[1]: ディレクトリ `/home/baxter/Desktop/PierreROS/build/CMakeFiles/CMakeTmp' に入ります
Building C object CMakeFiles/cmTC_56658.dir/CheckSymbolExists.c.o
/usr/bin/cc    -o CMakeFiles/cmTC_56658.dir/CheckSymbolExists.c.o   -c /home/baxter/Desktop/PierreROS/build/CMakeFiles/CMakeTmp/CheckSymbolExists.c
Linking C executable cmTC_56658
/usr/local/bin/cmake -E cmake_link_script CMakeFiles/cmTC_56658.dir/link.txt --verbose=1
/usr/bin/cc      -rdynamic CMakeFiles/cmTC_56658.dir/CheckSymbolExists.c.o  -o cmTC_56658 
CMakeFiles/cmTC_56658.dir/CheckSymbolExists.c.o: 関数 `main' 内:
CheckSymbolExists.c:(.text+0x16): `pthread_create' に対する定義されていない参照です
collect2: error: ld returned 1 exit status
make[1]: *** [cmTC_56658] エラー 1
make[1]: ディレクトリ `/home/baxter/Desktop/PierreROS/build/CMakeFiles/CMakeTmp' から出ます
make: *** [cmTC_56658/fast] エラー 2

File /home/baxter/Desktop/PierreROS/build/CMakeFiles/CMakeTmp/CheckSymbolExists.c:
/* */
#include <pthread.h>

int main(int argc, char** argv)
{
  (void)argv;
#ifndef pthread_create
  return ((int*)(&pthread_create))[argc];
#else
  (void)argc;
  return 0;
#endif
}

Determining if the function pthread_create exists in the pthreads failed with the following output:
Change Dir: /home/baxter/Desktop/PierreROS/build/CMakeFiles/CMakeTmp

Run Build Command:"/usr/bin/make" "cmTC_a6e3e/fast"
/usr/bin/make -f CMakeFiles/cmTC_a6e3e.dir/build.make CMakeFiles/cmTC_a6e3e.dir/build
make[1]: ディレクトリ `/home/baxter/Desktop/PierreROS/build/CMakeFiles/CMakeTmp' に入ります
Building C object CMakeFiles/cmTC_a6e3e.dir/CheckFunctionExists.c.o
/usr/bin/cc   -DCHECK_FUNCTION_EXISTS=pthread_create   -o CMakeFiles/cmTC_a6e3e.dir/CheckFunctionExists.c.o   -c /usr/local/share/cmake-3.10/Modules/CheckFunctionExists.c
Linking C executable cmTC_a6e3e
/usr/local/bin/cmake -E cmake_link_script CMakeFiles/cmTC_a6e3e.dir/link.txt --verbose=1
/usr/bin/cc  -DCHECK_FUNCTION_EXISTS=pthread_create    -rdynamic CMakeFiles/cmTC_a6e3e.dir/CheckFunctionExists.c.o  -o cmTC_a6e3e -lpthreads 
/usr/bin/ld: -lpthreads が見つかりません
collect2: error: ld returned 1 exit status
make[1]: *** [cmTC_a6e3e] エラー 1
make[1]: ディレクトリ `/home/baxter/Desktop/PierreROS/build/CMakeFiles/CMakeTmp' から出ます
make: *** [cmTC_a6e3e/fast] エラー 2


Determining if the Q_WS_WIN exist failed with the following output:
Change Dir: /home/baxter/Desktop/PierreROS/build/CMakeFiles/CMakeTmp

Run Build Command:"/usr/bin/make" "cmTC_d8fa7/fast"
make[1]: ディレクトリ `/home/baxter/Desktop/PierreROS/build/CMakeFiles/CMakeTmp' に入ります
/usr/bin/make -f CMakeFiles/cmTC_d8fa7.dir/build.make CMakeFiles/cmTC_d8fa7.dir/build
make[2]: ディレクトリ `/home/baxter/Desktop/PierreROS/build/CMakeFiles/CMakeTmp' に入ります
Building CXX object CMakeFiles/cmTC_d8fa7.dir/CheckSymbolExists.cxx.o
/usr/bin/c++   -I/usr/include/qt4   -o CMakeFiles/cmTC_d8fa7.dir/CheckSymbolExists.cxx.o -c /home/baxter/Desktop/PierreROS/build/CMakeFiles/CMakeTmp/CheckSymbolExists.cxx
/home/baxter/Desktop/PierreROS/build/CMakeFiles/CMakeTmp/CheckSymbolExists.cxx: In function ‘int main(int, char**)’:
/home/baxter/Desktop/PierreROS/build/CMakeFiles/CMakeTmp/CheckSymbolExists.cxx:8:19: error: ‘Q_WS_WIN’ was not declared in this scope
   return ((int*)(&Q_WS_WIN))[argc];
                   ^
make[2]: *** [CMakeFiles/cmTC_d8fa7.dir/CheckSymbolExists.cxx.o] エラー 1
make[2]: ディレクトリ `/home/baxter/Desktop/PierreROS/build/CMakeFiles/CMakeTmp' から出ます
make[1]: *** [cmTC_d8fa7/fast] エラー 2
make[1]: ディレクトリ `/home/baxter/Desktop/PierreROS/build/CMakeFiles/CMakeTmp' から出ます

File /home/baxter/Desktop/PierreROS/build/CMakeFiles/CMakeTmp/CheckSymbolExists.cxx:
/* */
#include <QtCore/qglobal.h>

int main(int argc, char** argv)
{
  (void)argv;
#ifndef Q_WS_WIN
  return ((int*)(&Q_WS_WIN))[argc];
#else
  (void)argc;
  return 0;
#endif
}

Determining if the Q_WS_QWS exist failed with the following output:
Change Dir: /home/baxter/Desktop/PierreROS/build/CMakeFiles/CMakeTmp

Run Build Command:"/usr/bin/make" "cmTC_e3b87/fast"
make[1]: ディレクトリ `/home/baxter/Desktop/PierreROS/build/CMakeFiles/CMakeTmp' に入ります
/usr/bin/make -f CMakeFiles/cmTC_e3b87.dir/build.make CMakeFiles/cmTC_e3b87.dir/build
make[2]: ディレクトリ `/home/baxter/Desktop/PierreROS/build/CMakeFiles/CMakeTmp' に入ります
Building CXX object CMakeFiles/cmTC_e3b87.dir/CheckSymbolExists.cxx.o
/usr/bin/c++   -I/usr/include/qt4   -o CMakeFiles/cmTC_e3b87.dir/CheckSymbolExists.cxx.o -c /home/baxter/Desktop/PierreROS/build/CMakeFiles/CMakeTmp/CheckSymbolExists.cxx
/home/baxter/Desktop/PierreROS/build/CMakeFiles/CMakeTmp/CheckSymbolExists.cxx: In function ‘int main(int, char**)’:
/home/baxter/Desktop/PierreROS/build/CMakeFiles/CMakeTmp/CheckSymbolExists.cxx:8:19: error: ‘Q_WS_QWS’ was not declared in this scope
   return ((int*)(&Q_WS_QWS))[argc];
                   ^
make[2]: *** [CMakeFiles/cmTC_e3b87.dir/CheckSymbolExists.cxx.o] エラー 1
make[2]: ディレクトリ `/home/baxter/Desktop/PierreROS/build/CMakeFiles/CMakeTmp' から出ます
make[1]: *** [cmTC_e3b87/fast] エラー 2
make[1]: ディレクトリ `/home/baxter/Desktop/PierreROS/build/CMakeFiles/CMakeTmp' から出ます

File /home/baxter/Desktop/PierreROS/build/CMakeFiles/CMakeTmp/CheckSymbolExists.cxx:
/* */
#include <QtCore/qglobal.h>

int main(int argc, char** argv)
{
  (void)argv;
#ifndef Q_WS_QWS
  return ((int*)(&Q_WS_QWS))[argc];
#else
  (void)argc;
  return 0;
#endif
}

Determining if the Q_WS_MAC exist failed with the following output:
Change Dir: /home/baxter/Desktop/PierreROS/build/CMakeFiles/CMakeTmp

Run Build Command:"/usr/bin/make" "cmTC_58a6c/fast"
make[1]: ディレクトリ `/home/baxter/Desktop/PierreROS/build/CMakeFiles/CMakeTmp' に入ります
/usr/bin/make -f CMakeFiles/cmTC_58a6c.dir/build.make CMakeFiles/cmTC_58a6c.dir/build
make[2]: ディレクトリ `/home/baxter/Desktop/PierreROS/build/CMakeFiles/CMakeTmp' に入ります
Building CXX object CMakeFiles/cmTC_58a6c.dir/CheckSymbolExists.cxx.o
/usr/bin/c++   -I/usr/include/qt4   -o CMakeFiles/cmTC_58a6c.dir/CheckSymbolExists.cxx.o -c /home/baxter/Desktop/PierreROS/build/CMakeFiles/CMakeTmp/CheckSymbolExists.cxx
/home/baxter/Desktop/PierreROS/build/CMakeFiles/CMakeTmp/CheckSymbolExists.cxx: In function ‘int main(int, char**)’:
/home/baxter/Desktop/PierreROS/build/CMakeFiles/CMakeTmp/CheckSymbolExists.cxx:8:19: error: ‘Q_WS_MAC’ was not declared in this scope
   return ((int*)(&Q_WS_MAC))[argc];
                   ^
make[2]: *** [CMakeFiles/cmTC_58a6c.dir/CheckSymbolExists.cxx.o] エラー 1
make[2]: ディレクトリ `/home/baxter/Desktop/PierreROS/build/CMakeFiles/CMakeTmp' から出ます
make[1]: *** [cmTC_58a6c/fast] エラー 2
make[1]: ディレクトリ `/home/baxter/Desktop/PierreROS/build/CMakeFiles/CMakeTmp' から出ます

File /home/baxter/Desktop/PierreROS/build/CMakeFiles/CMakeTmp/CheckSymbolExists.cxx:
/* */
#include <QtCore/qglobal.h>

int main(int argc, char** argv)
{
  (void)argv;
#ifndef Q_WS_MAC
  return ((int*)(&Q_WS_MAC))[argc];
#else
  (void)argc;
  return 0;
#endif
}

